0 info it worked if it ends with ok
1 verbose cli [ 'C:\\Program Files\\nodejs\\node.exe',
1 verbose cli   'C:\\Program Files\\nodejs\\node_modules\\npm\\bin\\npm-cli.js',
1 verbose cli   'install',
1 verbose cli   '--save',
1 verbose cli   'bcrypt' ]
2 info using npm@3.8.9
3 info using node@v6.2.0
4 silly loadCurrentTree Starting
5 silly install loadCurrentTree
6 silly install readLocalPackageData
7 silly fetchPackageMetaData bcrypt
8 silly fetchNamedPackageData bcrypt
9 silly mapToRegistry name bcrypt
10 silly mapToRegistry using default registry
11 silly mapToRegistry registry https://registry.npmjs.org/
12 silly mapToRegistry data Result {
12 silly mapToRegistry   raw: 'bcrypt',
12 silly mapToRegistry   scope: null,
12 silly mapToRegistry   name: 'bcrypt',
12 silly mapToRegistry   rawSpec: '',
12 silly mapToRegistry   spec: 'latest',
12 silly mapToRegistry   type: 'tag' }
13 silly mapToRegistry uri https://registry.npmjs.org/bcrypt
14 verbose request uri https://registry.npmjs.org/bcrypt
15 verbose request no auth needed
16 info attempt registry request try #1 at 19:15:37
17 verbose request id a16858f58c7fd59a
18 verbose etag "ZN4VCW2AUBHLQCRMEUAFFWEE"
19 http request GET https://registry.npmjs.org/bcrypt
20 http 304 https://registry.npmjs.org/bcrypt
21 verbose headers { date: 'Sun, 06 Nov 2016 17:15:36 GMT',
21 verbose headers   via: '1.1 varnish',
21 verbose headers   'cache-control': 'max-age=300',
21 verbose headers   etag: '"ZN4VCW2AUBHLQCRMEUAFFWEE"',
21 verbose headers   age: '0',
21 verbose headers   connection: 'keep-alive',
21 verbose headers   'x-served-by': 'cache-ams4433-AMS',
21 verbose headers   'x-cache': 'HIT',
21 verbose headers   'x-cache-hits': '1',
21 verbose headers   'x-timer': 'S1478452536.882646,VS0,VE100',
21 verbose headers   vary: 'Accept-Encoding' }
22 silly get cb [ 304,
22 silly get   { date: 'Sun, 06 Nov 2016 17:15:36 GMT',
22 silly get     via: '1.1 varnish',
22 silly get     'cache-control': 'max-age=300',
22 silly get     etag: '"ZN4VCW2AUBHLQCRMEUAFFWEE"',
22 silly get     age: '0',
22 silly get     connection: 'keep-alive',
22 silly get     'x-served-by': 'cache-ams4433-AMS',
22 silly get     'x-cache': 'HIT',
22 silly get     'x-cache-hits': '1',
22 silly get     'x-timer': 'S1478452536.882646,VS0,VE100',
22 silly get     vary: 'Accept-Encoding' } ]
23 verbose etag https://registry.npmjs.org/bcrypt from cache
24 verbose get saving bcrypt to C:\Users\Администратор\AppData\Roaming\npm-cache\registry.npmjs.org\bcrypt\.cache.json
25 verbose correctMkdir C:\Users\Администратор\AppData\Roaming\npm-cache correctMkdir not in flight; initializing
26 silly install normalizeTree
27 silly loadCurrentTree Finishing
28 silly loadIdealTree Starting
29 silly install loadIdealTree
30 silly cloneCurrentTree Starting
31 silly install cloneCurrentTreeToIdealTree
32 silly cloneCurrentTree Finishing
33 silly loadShrinkwrap Starting
34 silly install loadShrinkwrap
35 silly loadShrinkwrap Finishing
36 silly loadAllDepsIntoIdealTree Starting
37 silly install loadAllDepsIntoIdealTree
38 silly resolveWithNewModule bcrypt@0.8.7 checking installable status
39 silly cache add args [ 'bcrypt', null ]
40 verbose cache add spec bcrypt
41 silly cache add parsed spec Result {
41 silly cache add   raw: 'bcrypt',
41 silly cache add   scope: null,
41 silly cache add   name: 'bcrypt',
41 silly cache add   rawSpec: '',
41 silly cache add   spec: 'latest',
41 silly cache add   type: 'tag' }
42 silly addNamed bcrypt@latest
43 verbose addNamed "latest" is being treated as a dist-tag for bcrypt
44 info addNameTag [ 'bcrypt', 'latest' ]
45 silly mapToRegistry name bcrypt
46 silly mapToRegistry using default registry
47 silly mapToRegistry registry https://registry.npmjs.org/
48 silly mapToRegistry data Result {
48 silly mapToRegistry   raw: 'bcrypt',
48 silly mapToRegistry   scope: null,
48 silly mapToRegistry   name: 'bcrypt',
48 silly mapToRegistry   rawSpec: '',
48 silly mapToRegistry   spec: 'latest',
48 silly mapToRegistry   type: 'tag' }
49 silly mapToRegistry uri https://registry.npmjs.org/bcrypt
50 verbose addNameTag registry:https://registry.npmjs.org/bcrypt not in flight; fetching
51 verbose get https://registry.npmjs.org/bcrypt not expired, no request
52 silly addNameTag next cb for bcrypt with tag latest
53 silly addNamed bcrypt@0.8.7
54 verbose addNamed "0.8.7" is a plain semver version for bcrypt
55 silly cache afterAdd bcrypt@0.8.7
56 verbose afterAdd C:\Users\Администратор\AppData\Roaming\npm-cache\bcrypt\0.8.7\package\package.json not in flight; writing
57 verbose correctMkdir C:\Users\Администратор\AppData\Roaming\npm-cache correctMkdir not in flight; initializing
58 verbose afterAdd C:\Users\Администратор\AppData\Roaming\npm-cache\bcrypt\0.8.7\package\package.json written
59 silly fetchNamedPackageData bindings
60 silly mapToRegistry name bindings
61 silly mapToRegistry using default registry
62 silly mapToRegistry registry https://registry.npmjs.org/
63 silly mapToRegistry data Result {
63 silly mapToRegistry   raw: 'bindings',
63 silly mapToRegistry   scope: null,
63 silly mapToRegistry   name: 'bindings',
63 silly mapToRegistry   rawSpec: '',
63 silly mapToRegistry   spec: 'latest',
63 silly mapToRegistry   type: 'tag' }
64 silly mapToRegistry uri https://registry.npmjs.org/bindings
65 silly fetchNamedPackageData nan
66 silly mapToRegistry name nan
67 silly mapToRegistry using default registry
68 silly mapToRegistry registry https://registry.npmjs.org/
69 silly mapToRegistry data Result {
69 silly mapToRegistry   raw: 'nan',
69 silly mapToRegistry   scope: null,
69 silly mapToRegistry   name: 'nan',
69 silly mapToRegistry   rawSpec: '',
69 silly mapToRegistry   spec: 'latest',
69 silly mapToRegistry   type: 'tag' }
70 silly mapToRegistry uri https://registry.npmjs.org/nan
71 verbose request uri https://registry.npmjs.org/bindings
72 verbose request no auth needed
73 info attempt registry request try #1 at 19:15:38
74 verbose etag "8QW29MHCPCE6VJCVI3QVXRJAQ"
75 http request GET https://registry.npmjs.org/bindings
76 verbose request uri https://registry.npmjs.org/nan
77 verbose request no auth needed
78 info attempt registry request try #1 at 19:15:38
79 verbose etag "64LN9YQI6X4XTPFBYZLET8KF2"
80 http request GET https://registry.npmjs.org/nan
81 http 304 https://registry.npmjs.org/bindings
82 verbose headers { date: 'Sun, 06 Nov 2016 17:15:37 GMT',
82 verbose headers   via: '1.1 varnish',
82 verbose headers   'cache-control': 'max-age=300',
82 verbose headers   etag: '"8QW29MHCPCE6VJCVI3QVXRJAQ"',
82 verbose headers   age: '200',
82 verbose headers   connection: 'keep-alive',
82 verbose headers   'x-served-by': 'cache-ams4433-AMS',
82 verbose headers   'x-cache': 'HIT',
82 verbose headers   'x-cache-hits': '1',
82 verbose headers   'x-timer': 'S1478452537.431287,VS0,VE0',
82 verbose headers   vary: 'Accept-Encoding' }
83 silly get cb [ 304,
83 silly get   { date: 'Sun, 06 Nov 2016 17:15:37 GMT',
83 silly get     via: '1.1 varnish',
83 silly get     'cache-control': 'max-age=300',
83 silly get     etag: '"8QW29MHCPCE6VJCVI3QVXRJAQ"',
83 silly get     age: '200',
83 silly get     connection: 'keep-alive',
83 silly get     'x-served-by': 'cache-ams4433-AMS',
83 silly get     'x-cache': 'HIT',
83 silly get     'x-cache-hits': '1',
83 silly get     'x-timer': 'S1478452537.431287,VS0,VE0',
83 silly get     vary: 'Accept-Encoding' } ]
84 verbose etag https://registry.npmjs.org/bindings from cache
85 verbose get saving bindings to C:\Users\Администратор\AppData\Roaming\npm-cache\registry.npmjs.org\bindings\.cache.json
86 verbose correctMkdir C:\Users\Администратор\AppData\Roaming\npm-cache correctMkdir not in flight; initializing
87 silly resolveWithNewModule bindings@1.2.1 checking installable status
88 silly cache add args [ 'bindings@1.2.1', null ]
89 verbose cache add spec bindings@1.2.1
90 silly cache add parsed spec Result {
90 silly cache add   raw: 'bindings@1.2.1',
90 silly cache add   scope: null,
90 silly cache add   name: 'bindings',
90 silly cache add   rawSpec: '1.2.1',
90 silly cache add   spec: '1.2.1',
90 silly cache add   type: 'version' }
91 silly addNamed bindings@1.2.1
92 verbose addNamed "1.2.1" is a plain semver version for bindings
93 silly mapToRegistry name bindings
94 silly mapToRegistry using default registry
95 silly mapToRegistry registry https://registry.npmjs.org/
96 silly mapToRegistry data Result {
96 silly mapToRegistry   raw: 'bindings',
96 silly mapToRegistry   scope: null,
96 silly mapToRegistry   name: 'bindings',
96 silly mapToRegistry   rawSpec: '',
96 silly mapToRegistry   spec: 'latest',
96 silly mapToRegistry   type: 'tag' }
97 silly mapToRegistry uri https://registry.npmjs.org/bindings
98 verbose addNameVersion registry:https://registry.npmjs.org/bindings not in flight; fetching
99 verbose get https://registry.npmjs.org/bindings not expired, no request
100 silly cache afterAdd bindings@1.2.1
101 verbose afterAdd C:\Users\Администратор\AppData\Roaming\npm-cache\bindings\1.2.1\package\package.json not in flight; writing
102 verbose correctMkdir C:\Users\Администратор\AppData\Roaming\npm-cache correctMkdir not in flight; initializing
103 verbose afterAdd C:\Users\Администратор\AppData\Roaming\npm-cache\bindings\1.2.1\package\package.json written
104 http 304 https://registry.npmjs.org/nan
105 verbose headers { date: 'Sun, 06 Nov 2016 17:15:37 GMT',
105 verbose headers   via: '1.1 varnish',
105 verbose headers   'cache-control': 'max-age=300',
105 verbose headers   etag: '"64LN9YQI6X4XTPFBYZLET8KF2"',
105 verbose headers   age: '35',
105 verbose headers   connection: 'keep-alive',
105 verbose headers   'x-served-by': 'cache-ams4132-AMS',
105 verbose headers   'x-cache': 'HIT',
105 verbose headers   'x-cache-hits': '1',
105 verbose headers   'x-timer': 'S1478452537.554739,VS0,VE0',
105 verbose headers   vary: 'Accept-Encoding' }
106 silly get cb [ 304,
106 silly get   { date: 'Sun, 06 Nov 2016 17:15:37 GMT',
106 silly get     via: '1.1 varnish',
106 silly get     'cache-control': 'max-age=300',
106 silly get     etag: '"64LN9YQI6X4XTPFBYZLET8KF2"',
106 silly get     age: '35',
106 silly get     connection: 'keep-alive',
106 silly get     'x-served-by': 'cache-ams4132-AMS',
106 silly get     'x-cache': 'HIT',
106 silly get     'x-cache-hits': '1',
106 silly get     'x-timer': 'S1478452537.554739,VS0,VE0',
106 silly get     vary: 'Accept-Encoding' } ]
107 verbose etag https://registry.npmjs.org/nan from cache
108 verbose get saving nan to C:\Users\Администратор\AppData\Roaming\npm-cache\registry.npmjs.org\nan\.cache.json
109 verbose correctMkdir C:\Users\Администратор\AppData\Roaming\npm-cache correctMkdir not in flight; initializing
110 silly resolveWithNewModule nan@2.3.5 checking installable status
111 silly cache add args [ 'nan@2.3.5', null ]
112 verbose cache add spec nan@2.3.5
113 silly cache add parsed spec Result {
113 silly cache add   raw: 'nan@2.3.5',
113 silly cache add   scope: null,
113 silly cache add   name: 'nan',
113 silly cache add   rawSpec: '2.3.5',
113 silly cache add   spec: '2.3.5',
113 silly cache add   type: 'version' }
114 silly addNamed nan@2.3.5
115 verbose addNamed "2.3.5" is a plain semver version for nan
116 silly mapToRegistry name nan
117 silly mapToRegistry using default registry
118 silly mapToRegistry registry https://registry.npmjs.org/
119 silly mapToRegistry data Result {
119 silly mapToRegistry   raw: 'nan',
119 silly mapToRegistry   scope: null,
119 silly mapToRegistry   name: 'nan',
119 silly mapToRegistry   rawSpec: '',
119 silly mapToRegistry   spec: 'latest',
119 silly mapToRegistry   type: 'tag' }
120 silly mapToRegistry uri https://registry.npmjs.org/nan
121 verbose addNameVersion registry:https://registry.npmjs.org/nan not in flight; fetching
122 verbose get https://registry.npmjs.org/nan not expired, no request
123 silly cache afterAdd nan@2.3.5
124 verbose afterAdd C:\Users\Администратор\AppData\Roaming\npm-cache\nan\2.3.5\package\package.json not in flight; writing
125 verbose correctMkdir C:\Users\Администратор\AppData\Roaming\npm-cache correctMkdir not in flight; initializing
126 verbose afterAdd C:\Users\Администратор\AppData\Roaming\npm-cache\nan\2.3.5\package\package.json written
127 silly loadAllDepsIntoIdealTree Finishing
128 silly idealTree:prePrune authorization@0.0.0
128 silly idealTree:prePrune +-- abbrev@1.0.9
128 silly idealTree:prePrune +-- accepts@1.3.3
128 silly idealTree:prePrune +-- acorn-globals@1.0.9
128 silly idealTree:prePrune +-- acorn@2.7.0
128 silly idealTree:prePrune +-- align-text@0.1.4
128 silly idealTree:prePrune +-- amdefine@1.0.1
128 silly idealTree:prePrune +-- ansi-regex@2.0.0
128 silly idealTree:prePrune +-- ansi-styles@2.2.1
128 silly idealTree:prePrune +-- ap@0.2.0
128 silly idealTree:prePrune +-- aproba@1.0.4
128 silly idealTree:prePrune +-- are-we-there-yet@1.1.2
128 silly idealTree:prePrune +-- array-flatten@1.1.1
128 silly idealTree:prePrune +-- array-index@1.0.0
128 silly idealTree:prePrune +-- asap@1.0.0
128 silly idealTree:prePrune +-- asn1@0.2.3
128 silly idealTree:prePrune +-- assert-plus@0.2.0
128 silly idealTree:prePrune +-- async@0.2.10
128 silly idealTree:prePrune +-- asynckit@0.4.0
128 silly idealTree:prePrune +-- aws-sign2@0.6.0
128 silly idealTree:prePrune +-- aws4@1.5.0
128 silly idealTree:prePrune +-- balanced-match@0.4.2
128 silly idealTree:prePrune +-- base64-url@1.3.3
128 silly idealTree:prePrune +-- basic-auth@1.0.4
128 silly idealTree:prePrune +-- bcrypt-pbkdf@1.0.0
128 silly idealTree:prePrune +-- bcrypt@0.8.7
128 silly idealTree:prePrune +-- bindings@1.2.1
128 silly idealTree:prePrune +-- block-stream@0.0.9
128 silly idealTree:prePrune +-- bluebird@3.4.6
128 silly idealTree:prePrune +-- body-parser@1.15.2
128 silly idealTree:prePrune +-- boom@2.10.1
128 silly idealTree:prePrune +-- brace-expansion@1.1.6
128 silly idealTree:prePrune +-- buffer-shims@1.0.0
128 silly idealTree:prePrune +-- buffer-writer@1.0.1
128 silly idealTree:prePrune +-- bytes@2.4.0
128 silly idealTree:prePrune +-- camelcase@1.2.1
128 silly idealTree:prePrune +-- caseless@0.11.0
128 silly idealTree:prePrune +-- center-align@0.1.3
128 silly idealTree:prePrune +-- chalk@1.1.3
128 silly idealTree:prePrune +-- character-parser@1.2.1
128 silly idealTree:prePrune +-- clean-css@3.4.20
128 silly idealTree:prePrune | `-- commander@2.8.1
128 silly idealTree:prePrune +-- cliui@2.1.0
128 silly idealTree:prePrune | `-- wordwrap@0.0.2
128 silly idealTree:prePrune +-- code-point-at@1.1.0
128 silly idealTree:prePrune +-- combined-stream@1.0.5
128 silly idealTree:prePrune +-- commander@2.6.0
128 silly idealTree:prePrune +-- concat-map@0.0.1
128 silly idealTree:prePrune +-- connect-multiparty@2.0.0
128 silly idealTree:prePrune | `-- qs@4.0.0
128 silly idealTree:prePrune +-- console-control-strings@1.1.0
128 silly idealTree:prePrune +-- constantinople@3.0.2
128 silly idealTree:prePrune +-- content-disposition@0.5.1
128 silly idealTree:prePrune +-- content-type@1.0.2
128 silly idealTree:prePrune +-- cookie-parser@1.4.3
128 silly idealTree:prePrune +-- cookie-signature@1.0.6
128 silly idealTree:prePrune +-- cookie@0.3.1
128 silly idealTree:prePrune +-- core-util-is@1.0.2
128 silly idealTree:prePrune +-- crc@3.4.1
128 silly idealTree:prePrune +-- cross-env@3.1.3
128 silly idealTree:prePrune +-- cross-spawn@3.0.1
128 silly idealTree:prePrune | `-- lru-cache@4.0.1
128 silly idealTree:prePrune +-- cryptiles@2.0.5
128 silly idealTree:prePrune +-- css-parse@1.0.4
128 silly idealTree:prePrune +-- css-stringify@1.0.5
128 silly idealTree:prePrune +-- css@1.0.8
128 silly idealTree:prePrune +-- d@0.1.1
128 silly idealTree:prePrune +-- dashdash@1.14.0
128 silly idealTree:prePrune | `-- assert-plus@1.0.0
128 silly idealTree:prePrune +-- debug@2.2.0
128 silly idealTree:prePrune +-- decamelize@1.2.0
128 silly idealTree:prePrune +-- delayed-stream@1.0.0
128 silly idealTree:prePrune +-- delegates@1.0.0
128 silly idealTree:prePrune +-- depd@1.1.0
128 silly idealTree:prePrune +-- destroy@1.0.4
128 silly idealTree:prePrune +-- diff@1.0.8
128 silly idealTree:prePrune +-- dottie@1.1.1
128 silly idealTree:prePrune +-- ecc-jsbn@0.1.1
128 silly idealTree:prePrune +-- ee-first@1.1.1
128 silly idealTree:prePrune +-- ejs@2.5.2
128 silly idealTree:prePrune +-- encodeurl@1.0.1
128 silly idealTree:prePrune +-- es5-ext@0.10.12
128 silly idealTree:prePrune +-- es6-iterator@2.0.0
128 silly idealTree:prePrune +-- es6-symbol@3.1.0
128 silly idealTree:prePrune +-- escape-html@1.0.3
128 silly idealTree:prePrune +-- escape-string-regexp@1.0.5
128 silly idealTree:prePrune +-- etag@1.7.0
128 silly idealTree:prePrune +-- express-session@1.14.2
128 silly idealTree:prePrune +-- express@4.14.0
128 silly idealTree:prePrune +-- extend@3.0.0
128 silly idealTree:prePrune +-- extsprintf@1.0.2
128 silly idealTree:prePrune +-- eyes@0.1.8
128 silly idealTree:prePrune +-- fd-slicer@1.0.1
128 silly idealTree:prePrune +-- finalhandler@0.5.0
128 silly idealTree:prePrune +-- forever-agent@0.6.1
128 silly idealTree:prePrune +-- form-data@2.1.1
128 silly idealTree:prePrune +-- forwarded@0.1.0
128 silly idealTree:prePrune +-- fresh@0.3.0
128 silly idealTree:prePrune +-- fs.realpath@1.0.0
128 silly idealTree:prePrune +-- fstream@1.0.10
128 silly idealTree:prePrune | `-- graceful-fs@4.1.10
128 silly idealTree:prePrune +-- gauge@2.6.0
128 silly idealTree:prePrune +-- generate-function@2.0.0
128 silly idealTree:prePrune +-- generate-object-property@1.2.0
128 silly idealTree:prePrune +-- generic-pool@2.4.2
128 silly idealTree:prePrune +-- getpass@0.1.6
128 silly idealTree:prePrune | `-- assert-plus@1.0.0
128 silly idealTree:prePrune +-- glob@4.0.6
128 silly idealTree:prePrune +-- graceful-fs@3.0.11
128 silly idealTree:prePrune +-- graceful-readlink@1.0.1
128 silly idealTree:prePrune +-- har-validator@2.0.6
128 silly idealTree:prePrune | `-- commander@2.9.0
128 silly idealTree:prePrune +-- has-ansi@2.0.0
128 silly idealTree:prePrune +-- has-color@0.1.7
128 silly idealTree:prePrune +-- has-unicode@2.0.1
128 silly idealTree:prePrune +-- hawk@3.1.3
128 silly idealTree:prePrune +-- hoek@2.16.3
128 silly idealTree:prePrune +-- http-errors@1.5.0
128 silly idealTree:prePrune +-- http-signature@1.1.1
128 silly idealTree:prePrune +-- iconv-lite@0.4.13
128 silly idealTree:prePrune +-- inflection@1.10.0
128 silly idealTree:prePrune +-- inflight@1.0.6
128 silly idealTree:prePrune +-- inherits@2.0.1
128 silly idealTree:prePrune +-- ipaddr.js@1.1.1
128 silly idealTree:prePrune +-- is-buffer@1.1.4
128 silly idealTree:prePrune +-- is-fullwidth-code-point@1.0.0
128 silly idealTree:prePrune +-- is-my-json-valid@2.15.0
128 silly idealTree:prePrune +-- is-promise@2.1.0
128 silly idealTree:prePrune +-- is-property@1.0.2
128 silly idealTree:prePrune +-- is-typedarray@1.0.0
128 silly idealTree:prePrune +-- isarray@1.0.0
128 silly idealTree:prePrune +-- isexe@1.1.2
128 silly idealTree:prePrune +-- isstream@0.1.2
128 silly idealTree:prePrune +-- jade@1.11.0
128 silly idealTree:prePrune +-- jodid25519@1.0.2
128 silly idealTree:prePrune +-- jsbn@0.1.0
128 silly idealTree:prePrune +-- json-schema@0.2.3
128 silly idealTree:prePrune +-- json-stringify-safe@5.0.1
128 silly idealTree:prePrune +-- jsonpointer@4.0.0
128 silly idealTree:prePrune +-- jsprim@1.3.1
128 silly idealTree:prePrune +-- jstransformer@0.0.2
128 silly idealTree:prePrune +-- kind-of@3.0.4
128 silly idealTree:prePrune +-- lazy-cache@1.0.4
128 silly idealTree:prePrune +-- lodash@4.12.0
128 silly idealTree:prePrune +-- longest@1.0.1
128 silly idealTree:prePrune +-- lru-cache@2.7.3
128 silly idealTree:prePrune +-- media-typer@0.3.0
128 silly idealTree:prePrune +-- merge-descriptors@1.0.1
128 silly idealTree:prePrune +-- methods@1.1.2
128 silly idealTree:prePrune +-- mime-db@1.24.0
128 silly idealTree:prePrune +-- mime-types@2.1.12
128 silly idealTree:prePrune +-- mime@1.3.4
128 silly idealTree:prePrune +-- minimatch@1.0.0
128 silly idealTree:prePrune +-- minimist@0.0.8
128 silly idealTree:prePrune +-- mkdirp@0.5.1
128 silly idealTree:prePrune +-- moment-timezone@0.5.9
128 silly idealTree:prePrune +-- moment@2.15.2
128 silly idealTree:prePrune +-- morgan@1.7.0
128 silly idealTree:prePrune +-- ms@0.7.1
128 silly idealTree:prePrune +-- multiparty@4.1.2
128 silly idealTree:prePrune +-- nan@2.3.5
128 silly idealTree:prePrune +-- natives@1.1.0
128 silly idealTree:prePrune +-- negotiator@0.6.1
128 silly idealTree:prePrune +-- node-gyp@3.4.0
128 silly idealTree:prePrune | +-- glob@7.1.1
128 silly idealTree:prePrune | +-- graceful-fs@4.1.10
128 silly idealTree:prePrune | `-- minimatch@3.0.3
128 silly idealTree:prePrune +-- node-uuid@1.4.7
128 silly idealTree:prePrune +-- nopt@3.0.6
128 silly idealTree:prePrune +-- npmlog@3.1.2
128 silly idealTree:prePrune +-- number-is-nan@1.0.1
128 silly idealTree:prePrune +-- oauth-sign@0.8.2
128 silly idealTree:prePrune +-- object-assign@4.1.0
128 silly idealTree:prePrune +-- on-finished@2.3.0
128 silly idealTree:prePrune +-- on-headers@1.0.1
128 silly idealTree:prePrune +-- once@1.4.0
128 silly idealTree:prePrune +-- optimist@0.3.7
128 silly idealTree:prePrune +-- os-homedir@1.0.2
128 silly idealTree:prePrune +-- os-tmpdir@1.0.2
128 silly idealTree:prePrune +-- osenv@0.1.3
128 silly idealTree:prePrune +-- packet-reader@0.2.0
128 silly idealTree:prePrune +-- parseurl@1.3.1
128 silly idealTree:prePrune +-- passport-local-sequelize@0.6.0
128 silly idealTree:prePrune | +-- bluebird@2.9.34
128 silly idealTree:prePrune | +-- dottie@0.3.1
128 silly idealTree:prePrune | +-- generic-pool@2.2.0
128 silly idealTree:prePrune | +-- lodash@3.8.0
128 silly idealTree:prePrune | +-- moment-timezone@0.3.1
128 silly idealTree:prePrune | +-- sequelize@3.1.1
128 silly idealTree:prePrune | +-- shimmer@1.0.0
128 silly idealTree:prePrune | +-- toposort-class@0.3.1
128 silly idealTree:prePrune | `-- validator@3.43.0
128 silly idealTree:prePrune +-- passport-local@1.0.0
128 silly idealTree:prePrune +-- passport-strategy@1.0.0
128 silly idealTree:prePrune +-- passport@0.3.2
128 silly idealTree:prePrune +-- path-array@1.0.1
128 silly idealTree:prePrune +-- path-is-absolute@1.0.1
128 silly idealTree:prePrune +-- path-to-regexp@0.1.7
128 silly idealTree:prePrune +-- pause@0.0.1
128 silly idealTree:prePrune +-- pend@1.2.0
128 silly idealTree:prePrune +-- pg-connection-string@0.1.3
128 silly idealTree:prePrune +-- pg-pool@1.5.0
128 silly idealTree:prePrune +-- pg-types@1.11.0
128 silly idealTree:prePrune +-- pg@6.1.0
128 silly idealTree:prePrune | `-- semver@4.3.2
128 silly idealTree:prePrune +-- pgpass@1.0.1
128 silly idealTree:prePrune +-- pinkie-promise@2.0.1
128 silly idealTree:prePrune +-- pinkie@2.0.4
128 silly idealTree:prePrune +-- postgres-array@1.0.0
128 silly idealTree:prePrune +-- postgres-bytea@1.0.0
128 silly idealTree:prePrune +-- postgres-date@1.0.3
128 silly idealTree:prePrune +-- postgres-interval@1.0.2
128 silly idealTree:prePrune +-- process-nextick-args@1.0.7
128 silly idealTree:prePrune +-- promise@6.1.0
128 silly idealTree:prePrune +-- proxy-addr@1.1.2
128 silly idealTree:prePrune +-- pseudomap@1.0.2
128 silly idealTree:prePrune +-- punycode@1.4.1
128 silly idealTree:prePrune +-- qs@6.2.0
128 silly idealTree:prePrune +-- random-bytes@1.0.0
128 silly idealTree:prePrune +-- range-parser@1.2.0
128 silly idealTree:prePrune +-- raw-body@2.1.7
128 silly idealTree:prePrune +-- readable-stream@2.1.5
128 silly idealTree:prePrune +-- rebuild@0.1.2
128 silly idealTree:prePrune +-- repeat-string@1.6.1
128 silly idealTree:prePrune +-- request@2.78.0
128 silly idealTree:prePrune | `-- qs@6.3.0
128 silly idealTree:prePrune +-- retry-as-promised@2.2.0
128 silly idealTree:prePrune +-- right-align@0.1.3
128 silly idealTree:prePrune +-- rimraf@2.5.4
128 silly idealTree:prePrune | +-- glob@7.1.1
128 silly idealTree:prePrune | `-- minimatch@3.0.3
128 silly idealTree:prePrune +-- semver@5.3.0
128 silly idealTree:prePrune +-- send@0.14.1
128 silly idealTree:prePrune +-- sequelize@3.24.8
128 silly idealTree:prePrune +-- serve-favicon@2.3.0
128 silly idealTree:prePrune +-- serve-static@1.11.1
128 silly idealTree:prePrune +-- session@0.1.0
128 silly idealTree:prePrune +-- set-blocking@2.0.0
128 silly idealTree:prePrune +-- setprototypeof@1.0.1
128 silly idealTree:prePrune +-- shimmer@1.1.0
128 silly idealTree:prePrune +-- sigmund@1.0.1
128 silly idealTree:prePrune +-- signal-exit@3.0.1
128 silly idealTree:prePrune +-- sntp@1.0.9
128 silly idealTree:prePrune +-- source-map@0.4.4
128 silly idealTree:prePrune +-- split@1.0.0
128 silly idealTree:prePrune +-- sshpk@1.10.1
128 silly idealTree:prePrune | `-- assert-plus@1.0.0
128 silly idealTree:prePrune +-- statuses@1.3.0
128 silly idealTree:prePrune +-- string_decoder@0.10.31
128 silly idealTree:prePrune +-- string-width@1.0.2
128 silly idealTree:prePrune +-- stringstream@0.0.5
128 silly idealTree:prePrune +-- strip-ansi@3.0.1
128 silly idealTree:prePrune +-- supports-color@2.0.0
128 silly idealTree:prePrune +-- tar@2.2.1
128 silly idealTree:prePrune +-- terraformer-wkt-parser@1.1.2
128 silly idealTree:prePrune +-- terraformer@1.0.7
128 silly idealTree:prePrune +-- through@2.3.8
128 silly idealTree:prePrune +-- toposort-class@1.0.1
128 silly idealTree:prePrune +-- tough-cookie@2.3.2
128 silly idealTree:prePrune +-- transformers@2.1.0
128 silly idealTree:prePrune | +-- is-promise@1.0.1
128 silly idealTree:prePrune | +-- promise@2.0.0
128 silly idealTree:prePrune | +-- source-map@0.1.43
128 silly idealTree:prePrune | `-- uglify-js@2.2.5
128 silly idealTree:prePrune +-- tunnel-agent@0.4.3
128 silly idealTree:prePrune +-- tweetnacl@0.14.3
128 silly idealTree:prePrune +-- type-is@1.6.13
128 silly idealTree:prePrune +-- uglify-js@2.7.4
128 silly idealTree:prePrune | `-- source-map@0.5.6
128 silly idealTree:prePrune +-- uglify-to-browserify@1.0.2
128 silly idealTree:prePrune +-- uid-safe@2.1.3
128 silly idealTree:prePrune +-- unpipe@1.0.0
128 silly idealTree:prePrune +-- util-deprecate@1.0.2
128 silly idealTree:prePrune +-- utils-merge@1.0.0
128 silly idealTree:prePrune +-- validator@5.7.0
128 silly idealTree:prePrune +-- vary@1.1.0
128 silly idealTree:prePrune +-- verror@1.3.6
128 silly idealTree:prePrune +-- void-elements@2.0.1
128 silly idealTree:prePrune +-- vows@0.8.1
128 silly idealTree:prePrune +-- which@1.2.11
128 silly idealTree:prePrune +-- wide-align@1.1.0
128 silly idealTree:prePrune +-- window-size@0.1.0
128 silly idealTree:prePrune +-- with@4.0.3
128 silly idealTree:prePrune | `-- acorn@1.2.2
128 silly idealTree:prePrune +-- wkx@0.2.0
128 silly idealTree:prePrune +-- wordwrap@0.0.3
128 silly idealTree:prePrune +-- wrappy@1.0.2
128 silly idealTree:prePrune +-- xtend@4.0.1
128 silly idealTree:prePrune +-- yallist@2.0.0
128 silly idealTree:prePrune `-- yargs@3.10.0
129 silly loadIdealTree Finishing
130 silly currentTree authorization@0.0.0
130 silly currentTree +-- abbrev@1.0.9
130 silly currentTree +-- accepts@1.3.3
130 silly currentTree +-- acorn-globals@1.0.9
130 silly currentTree +-- acorn@2.7.0
130 silly currentTree +-- align-text@0.1.4
130 silly currentTree +-- amdefine@1.0.1
130 silly currentTree +-- ansi-regex@2.0.0
130 silly currentTree +-- ansi-styles@2.2.1
130 silly currentTree +-- ap@0.2.0
130 silly currentTree +-- aproba@1.0.4
130 silly currentTree +-- are-we-there-yet@1.1.2
130 silly currentTree +-- array-flatten@1.1.1
130 silly currentTree +-- array-index@1.0.0
130 silly currentTree +-- asap@1.0.0
130 silly currentTree +-- asn1@0.2.3
130 silly currentTree +-- assert-plus@0.2.0
130 silly currentTree +-- async@0.2.10
130 silly currentTree +-- asynckit@0.4.0
130 silly currentTree +-- aws-sign2@0.6.0
130 silly currentTree +-- aws4@1.5.0
130 silly currentTree +-- balanced-match@0.4.2
130 silly currentTree +-- base64-url@1.3.3
130 silly currentTree +-- basic-auth@1.0.4
130 silly currentTree +-- bcrypt-pbkdf@1.0.0
130 silly currentTree +-- block-stream@0.0.9
130 silly currentTree +-- bluebird@3.4.6
130 silly currentTree +-- body-parser@1.15.2
130 silly currentTree +-- boom@2.10.1
130 silly currentTree +-- brace-expansion@1.1.6
130 silly currentTree +-- buffer-shims@1.0.0
130 silly currentTree +-- buffer-writer@1.0.1
130 silly currentTree +-- bytes@2.4.0
130 silly currentTree +-- camelcase@1.2.1
130 silly currentTree +-- caseless@0.11.0
130 silly currentTree +-- center-align@0.1.3
130 silly currentTree +-- chalk@1.1.3
130 silly currentTree +-- character-parser@1.2.1
130 silly currentTree +-- clean-css@3.4.20
130 silly currentTree | `-- commander@2.8.1
130 silly currentTree +-- cliui@2.1.0
130 silly currentTree | `-- wordwrap@0.0.2
130 silly currentTree +-- code-point-at@1.1.0
130 silly currentTree +-- combined-stream@1.0.5
130 silly currentTree +-- commander@2.6.0
130 silly currentTree +-- concat-map@0.0.1
130 silly currentTree +-- connect-multiparty@2.0.0
130 silly currentTree | `-- qs@4.0.0
130 silly currentTree +-- console-control-strings@1.1.0
130 silly currentTree +-- constantinople@3.0.2
130 silly currentTree +-- content-disposition@0.5.1
130 silly currentTree +-- content-type@1.0.2
130 silly currentTree +-- cookie-parser@1.4.3
130 silly currentTree +-- cookie-signature@1.0.6
130 silly currentTree +-- cookie@0.3.1
130 silly currentTree +-- core-util-is@1.0.2
130 silly currentTree +-- crc@3.4.1
130 silly currentTree +-- cross-env@3.1.3
130 silly currentTree +-- cross-spawn@3.0.1
130 silly currentTree | `-- lru-cache@4.0.1
130 silly currentTree +-- cryptiles@2.0.5
130 silly currentTree +-- css-parse@1.0.4
130 silly currentTree +-- css-stringify@1.0.5
130 silly currentTree +-- css@1.0.8
130 silly currentTree +-- d@0.1.1
130 silly currentTree +-- dashdash@1.14.0
130 silly currentTree | `-- assert-plus@1.0.0
130 silly currentTree +-- debug@2.2.0
130 silly currentTree +-- decamelize@1.2.0
130 silly currentTree +-- delayed-stream@1.0.0
130 silly currentTree +-- delegates@1.0.0
130 silly currentTree +-- depd@1.1.0
130 silly currentTree +-- destroy@1.0.4
130 silly currentTree +-- diff@1.0.8
130 silly currentTree +-- dottie@1.1.1
130 silly currentTree +-- ecc-jsbn@0.1.1
130 silly currentTree +-- ee-first@1.1.1
130 silly currentTree +-- ejs@2.5.2
130 silly currentTree +-- encodeurl@1.0.1
130 silly currentTree +-- es5-ext@0.10.12
130 silly currentTree +-- es6-iterator@2.0.0
130 silly currentTree +-- es6-symbol@3.1.0
130 silly currentTree +-- escape-html@1.0.3
130 silly currentTree +-- escape-string-regexp@1.0.5
130 silly currentTree +-- etag@1.7.0
130 silly currentTree +-- express-session@1.14.2
130 silly currentTree +-- express@4.14.0
130 silly currentTree +-- extend@3.0.0
130 silly currentTree +-- extsprintf@1.0.2
130 silly currentTree +-- eyes@0.1.8
130 silly currentTree +-- fd-slicer@1.0.1
130 silly currentTree +-- finalhandler@0.5.0
130 silly currentTree +-- forever-agent@0.6.1
130 silly currentTree +-- form-data@2.1.1
130 silly currentTree +-- forwarded@0.1.0
130 silly currentTree +-- fresh@0.3.0
130 silly currentTree +-- fs.realpath@1.0.0
130 silly currentTree +-- fstream@1.0.10
130 silly currentTree | `-- graceful-fs@4.1.10
130 silly currentTree +-- gauge@2.6.0
130 silly currentTree +-- generate-function@2.0.0
130 silly currentTree +-- generate-object-property@1.2.0
130 silly currentTree +-- generic-pool@2.4.2
130 silly currentTree +-- getpass@0.1.6
130 silly currentTree | `-- assert-plus@1.0.0
130 silly currentTree +-- glob@4.0.6
130 silly currentTree +-- graceful-fs@3.0.11
130 silly currentTree +-- graceful-readlink@1.0.1
130 silly currentTree +-- har-validator@2.0.6
130 silly currentTree | `-- commander@2.9.0
130 silly currentTree +-- has-ansi@2.0.0
130 silly currentTree +-- has-color@0.1.7
130 silly currentTree +-- has-unicode@2.0.1
130 silly currentTree +-- hawk@3.1.3
130 silly currentTree +-- hoek@2.16.3
130 silly currentTree +-- http-errors@1.5.0
130 silly currentTree +-- http-signature@1.1.1
130 silly currentTree +-- iconv-lite@0.4.13
130 silly currentTree +-- inflection@1.10.0
130 silly currentTree +-- inflight@1.0.6
130 silly currentTree +-- inherits@2.0.1
130 silly currentTree +-- ipaddr.js@1.1.1
130 silly currentTree +-- is-buffer@1.1.4
130 silly currentTree +-- is-fullwidth-code-point@1.0.0
130 silly currentTree +-- is-my-json-valid@2.15.0
130 silly currentTree +-- is-promise@2.1.0
130 silly currentTree +-- is-property@1.0.2
130 silly currentTree +-- is-typedarray@1.0.0
130 silly currentTree +-- isarray@1.0.0
130 silly currentTree +-- isexe@1.1.2
130 silly currentTree +-- isstream@0.1.2
130 silly currentTree +-- jade@1.11.0
130 silly currentTree +-- jodid25519@1.0.2
130 silly currentTree +-- jsbn@0.1.0
130 silly currentTree +-- json-schema@0.2.3
130 silly currentTree +-- json-stringify-safe@5.0.1
130 silly currentTree +-- jsonpointer@4.0.0
130 silly currentTree +-- jsprim@1.3.1
130 silly currentTree +-- jstransformer@0.0.2
130 silly currentTree +-- kind-of@3.0.4
130 silly currentTree +-- lazy-cache@1.0.4
130 silly currentTree +-- lodash@4.12.0
130 silly currentTree +-- longest@1.0.1
130 silly currentTree +-- lru-cache@2.7.3
130 silly currentTree +-- media-typer@0.3.0
130 silly currentTree +-- merge-descriptors@1.0.1
130 silly currentTree +-- methods@1.1.2
130 silly currentTree +-- mime-db@1.24.0
130 silly currentTree +-- mime-types@2.1.12
130 silly currentTree +-- mime@1.3.4
130 silly currentTree +-- minimatch@1.0.0
130 silly currentTree +-- minimist@0.0.8
130 silly currentTree +-- mkdirp@0.5.1
130 silly currentTree +-- moment-timezone@0.5.9
130 silly currentTree +-- moment@2.15.2
130 silly currentTree +-- morgan@1.7.0
130 silly currentTree +-- ms@0.7.1
130 silly currentTree +-- multiparty@4.1.2
130 silly currentTree +-- natives@1.1.0
130 silly currentTree +-- negotiator@0.6.1
130 silly currentTree +-- node-gyp@3.4.0
130 silly currentTree | +-- glob@7.1.1
130 silly currentTree | +-- graceful-fs@4.1.10
130 silly currentTree | `-- minimatch@3.0.3
130 silly currentTree +-- node-uuid@1.4.7
130 silly currentTree +-- nopt@3.0.6
130 silly currentTree +-- npmlog@3.1.2
130 silly currentTree +-- number-is-nan@1.0.1
130 silly currentTree +-- oauth-sign@0.8.2
130 silly currentTree +-- object-assign@4.1.0
130 silly currentTree +-- on-finished@2.3.0
130 silly currentTree +-- on-headers@1.0.1
130 silly currentTree +-- once@1.4.0
130 silly currentTree +-- optimist@0.3.7
130 silly currentTree +-- os-homedir@1.0.2
130 silly currentTree +-- os-tmpdir@1.0.2
130 silly currentTree +-- osenv@0.1.3
130 silly currentTree +-- packet-reader@0.2.0
130 silly currentTree +-- parseurl@1.3.1
130 silly currentTree +-- passport-local-sequelize@0.6.0
130 silly currentTree | +-- bluebird@2.9.34
130 silly currentTree | +-- dottie@0.3.1
130 silly currentTree | +-- generic-pool@2.2.0
130 silly currentTree | +-- lodash@3.8.0
130 silly currentTree | +-- moment-timezone@0.3.1
130 silly currentTree | +-- sequelize@3.1.1
130 silly currentTree | +-- shimmer@1.0.0
130 silly currentTree | +-- toposort-class@0.3.1
130 silly currentTree | `-- validator@3.43.0
130 silly currentTree +-- passport-local@1.0.0
130 silly currentTree +-- passport-strategy@1.0.0
130 silly currentTree +-- passport@0.3.2
130 silly currentTree +-- path-array@1.0.1
130 silly currentTree +-- path-is-absolute@1.0.1
130 silly currentTree +-- path-to-regexp@0.1.7
130 silly currentTree +-- pause@0.0.1
130 silly currentTree +-- pend@1.2.0
130 silly currentTree +-- pg-connection-string@0.1.3
130 silly currentTree +-- pg-pool@1.5.0
130 silly currentTree +-- pg-types@1.11.0
130 silly currentTree +-- pg@6.1.0
130 silly currentTree | `-- semver@4.3.2
130 silly currentTree +-- pgpass@1.0.1
130 silly currentTree +-- pinkie-promise@2.0.1
130 silly currentTree +-- pinkie@2.0.4
130 silly currentTree +-- postgres-array@1.0.0
130 silly currentTree +-- postgres-bytea@1.0.0
130 silly currentTree +-- postgres-date@1.0.3
130 silly currentTree +-- postgres-interval@1.0.2
130 silly currentTree +-- process-nextick-args@1.0.7
130 silly currentTree +-- promise@6.1.0
130 silly currentTree +-- proxy-addr@1.1.2
130 silly currentTree +-- pseudomap@1.0.2
130 silly currentTree +-- punycode@1.4.1
130 silly currentTree +-- qs@6.2.0
130 silly currentTree +-- random-bytes@1.0.0
130 silly currentTree +-- range-parser@1.2.0
130 silly currentTree +-- raw-body@2.1.7
130 silly currentTree +-- readable-stream@2.1.5
130 silly currentTree +-- rebuild@0.1.2
130 silly currentTree +-- repeat-string@1.6.1
130 silly currentTree +-- request@2.78.0
130 silly currentTree | `-- qs@6.3.0
130 silly currentTree +-- retry-as-promised@2.2.0
130 silly currentTree +-- right-align@0.1.3
130 silly currentTree +-- rimraf@2.5.4
130 silly currentTree | +-- glob@7.1.1
130 silly currentTree | `-- minimatch@3.0.3
130 silly currentTree +-- semver@5.3.0
130 silly currentTree +-- send@0.14.1
130 silly currentTree +-- sequelize@3.24.8
130 silly currentTree +-- serve-favicon@2.3.0
130 silly currentTree +-- serve-static@1.11.1
130 silly currentTree +-- session@0.1.0
130 silly currentTree +-- set-blocking@2.0.0
130 silly currentTree +-- setprototypeof@1.0.1
130 silly currentTree +-- shimmer@1.1.0
130 silly currentTree +-- sigmund@1.0.1
130 silly currentTree +-- signal-exit@3.0.1
130 silly currentTree +-- sntp@1.0.9
130 silly currentTree +-- source-map@0.4.4
130 silly currentTree +-- split@1.0.0
130 silly currentTree +-- sshpk@1.10.1
130 silly currentTree | `-- assert-plus@1.0.0
130 silly currentTree +-- statuses@1.3.0
130 silly currentTree +-- string_decoder@0.10.31
130 silly currentTree +-- string-width@1.0.2
130 silly currentTree +-- stringstream@0.0.5
130 silly currentTree +-- strip-ansi@3.0.1
130 silly currentTree +-- supports-color@2.0.0
130 silly currentTree +-- tar@2.2.1
130 silly currentTree +-- terraformer-wkt-parser@1.1.2
130 silly currentTree +-- terraformer@1.0.7
130 silly currentTree +-- through@2.3.8
130 silly currentTree +-- toposort-class@1.0.1
130 silly currentTree +-- tough-cookie@2.3.2
130 silly currentTree +-- transformers@2.1.0
130 silly currentTree | +-- is-promise@1.0.1
130 silly currentTree | +-- promise@2.0.0
130 silly currentTree | +-- source-map@0.1.43
130 silly currentTree | `-- uglify-js@2.2.5
130 silly currentTree +-- tunnel-agent@0.4.3
130 silly currentTree +-- tweetnacl@0.14.3
130 silly currentTree +-- type-is@1.6.13
130 silly currentTree +-- uglify-js@2.7.4
130 silly currentTree | `-- source-map@0.5.6
130 silly currentTree +-- uglify-to-browserify@1.0.2
130 silly currentTree +-- uid-safe@2.1.3
130 silly currentTree +-- unpipe@1.0.0
130 silly currentTree +-- util-deprecate@1.0.2
130 silly currentTree +-- utils-merge@1.0.0
130 silly currentTree +-- validator@5.7.0
130 silly currentTree +-- vary@1.1.0
130 silly currentTree +-- verror@1.3.6
130 silly currentTree +-- void-elements@2.0.1
130 silly currentTree +-- vows@0.8.1
130 silly currentTree +-- which@1.2.11
130 silly currentTree +-- wide-align@1.1.0
130 silly currentTree +-- window-size@0.1.0
130 silly currentTree +-- with@4.0.3
130 silly currentTree | `-- acorn@1.2.2
130 silly currentTree +-- wkx@0.2.0
130 silly currentTree +-- wordwrap@0.0.3
130 silly currentTree +-- wrappy@1.0.2
130 silly currentTree +-- xtend@4.0.1
130 silly currentTree +-- yallist@2.0.0
130 silly currentTree `-- yargs@3.10.0
131 silly idealTree authorization@0.0.0
131 silly idealTree +-- abbrev@1.0.9
131 silly idealTree +-- accepts@1.3.3
131 silly idealTree +-- acorn-globals@1.0.9
131 silly idealTree +-- acorn@2.7.0
131 silly idealTree +-- align-text@0.1.4
131 silly idealTree +-- amdefine@1.0.1
131 silly idealTree +-- ansi-regex@2.0.0
131 silly idealTree +-- ansi-styles@2.2.1
131 silly idealTree +-- ap@0.2.0
131 silly idealTree +-- aproba@1.0.4
131 silly idealTree +-- are-we-there-yet@1.1.2
131 silly idealTree +-- array-flatten@1.1.1
131 silly idealTree +-- array-index@1.0.0
131 silly idealTree +-- asap@1.0.0
131 silly idealTree +-- asn1@0.2.3
131 silly idealTree +-- assert-plus@0.2.0
131 silly idealTree +-- async@0.2.10
131 silly idealTree +-- asynckit@0.4.0
131 silly idealTree +-- aws-sign2@0.6.0
131 silly idealTree +-- aws4@1.5.0
131 silly idealTree +-- balanced-match@0.4.2
131 silly idealTree +-- base64-url@1.3.3
131 silly idealTree +-- basic-auth@1.0.4
131 silly idealTree +-- bcrypt-pbkdf@1.0.0
131 silly idealTree +-- bcrypt@0.8.7
131 silly idealTree +-- bindings@1.2.1
131 silly idealTree +-- block-stream@0.0.9
131 silly idealTree +-- bluebird@3.4.6
131 silly idealTree +-- body-parser@1.15.2
131 silly idealTree +-- boom@2.10.1
131 silly idealTree +-- brace-expansion@1.1.6
131 silly idealTree +-- buffer-shims@1.0.0
131 silly idealTree +-- buffer-writer@1.0.1
131 silly idealTree +-- bytes@2.4.0
131 silly idealTree +-- camelcase@1.2.1
131 silly idealTree +-- caseless@0.11.0
131 silly idealTree +-- center-align@0.1.3
131 silly idealTree +-- chalk@1.1.3
131 silly idealTree +-- character-parser@1.2.1
131 silly idealTree +-- clean-css@3.4.20
131 silly idealTree | `-- commander@2.8.1
131 silly idealTree +-- cliui@2.1.0
131 silly idealTree | `-- wordwrap@0.0.2
131 silly idealTree +-- code-point-at@1.1.0
131 silly idealTree +-- combined-stream@1.0.5
131 silly idealTree +-- commander@2.6.0
131 silly idealTree +-- concat-map@0.0.1
131 silly idealTree +-- connect-multiparty@2.0.0
131 silly idealTree | `-- qs@4.0.0
131 silly idealTree +-- console-control-strings@1.1.0
131 silly idealTree +-- constantinople@3.0.2
131 silly idealTree +-- content-disposition@0.5.1
131 silly idealTree +-- content-type@1.0.2
131 silly idealTree +-- cookie-parser@1.4.3
131 silly idealTree +-- cookie-signature@1.0.6
131 silly idealTree +-- cookie@0.3.1
131 silly idealTree +-- core-util-is@1.0.2
131 silly idealTree +-- crc@3.4.1
131 silly idealTree +-- cross-env@3.1.3
131 silly idealTree +-- cross-spawn@3.0.1
131 silly idealTree | `-- lru-cache@4.0.1
131 silly idealTree +-- cryptiles@2.0.5
131 silly idealTree +-- css-parse@1.0.4
131 silly idealTree +-- css-stringify@1.0.5
131 silly idealTree +-- css@1.0.8
131 silly idealTree +-- d@0.1.1
131 silly idealTree +-- dashdash@1.14.0
131 silly idealTree | `-- assert-plus@1.0.0
131 silly idealTree +-- debug@2.2.0
131 silly idealTree +-- decamelize@1.2.0
131 silly idealTree +-- delayed-stream@1.0.0
131 silly idealTree +-- delegates@1.0.0
131 silly idealTree +-- depd@1.1.0
131 silly idealTree +-- destroy@1.0.4
131 silly idealTree +-- diff@1.0.8
131 silly idealTree +-- dottie@1.1.1
131 silly idealTree +-- ecc-jsbn@0.1.1
131 silly idealTree +-- ee-first@1.1.1
131 silly idealTree +-- ejs@2.5.2
131 silly idealTree +-- encodeurl@1.0.1
131 silly idealTree +-- es5-ext@0.10.12
131 silly idealTree +-- es6-iterator@2.0.0
131 silly idealTree +-- es6-symbol@3.1.0
131 silly idealTree +-- escape-html@1.0.3
131 silly idealTree +-- escape-string-regexp@1.0.5
131 silly idealTree +-- etag@1.7.0
131 silly idealTree +-- express-session@1.14.2
131 silly idealTree +-- express@4.14.0
131 silly idealTree +-- extend@3.0.0
131 silly idealTree +-- extsprintf@1.0.2
131 silly idealTree +-- eyes@0.1.8
131 silly idealTree +-- fd-slicer@1.0.1
131 silly idealTree +-- finalhandler@0.5.0
131 silly idealTree +-- forever-agent@0.6.1
131 silly idealTree +-- form-data@2.1.1
131 silly idealTree +-- forwarded@0.1.0
131 silly idealTree +-- fresh@0.3.0
131 silly idealTree +-- fs.realpath@1.0.0
131 silly idealTree +-- fstream@1.0.10
131 silly idealTree | `-- graceful-fs@4.1.10
131 silly idealTree +-- gauge@2.6.0
131 silly idealTree +-- generate-function@2.0.0
131 silly idealTree +-- generate-object-property@1.2.0
131 silly idealTree +-- generic-pool@2.4.2
131 silly idealTree +-- getpass@0.1.6
131 silly idealTree | `-- assert-plus@1.0.0
131 silly idealTree +-- glob@4.0.6
131 silly idealTree +-- graceful-fs@3.0.11
131 silly idealTree +-- graceful-readlink@1.0.1
131 silly idealTree +-- har-validator@2.0.6
131 silly idealTree | `-- commander@2.9.0
131 silly idealTree +-- has-ansi@2.0.0
131 silly idealTree +-- has-color@0.1.7
131 silly idealTree +-- has-unicode@2.0.1
131 silly idealTree +-- hawk@3.1.3
131 silly idealTree +-- hoek@2.16.3
131 silly idealTree +-- http-errors@1.5.0
131 silly idealTree +-- http-signature@1.1.1
131 silly idealTree +-- iconv-lite@0.4.13
131 silly idealTree +-- inflection@1.10.0
131 silly idealTree +-- inflight@1.0.6
131 silly idealTree +-- inherits@2.0.1
131 silly idealTree +-- ipaddr.js@1.1.1
131 silly idealTree +-- is-buffer@1.1.4
131 silly idealTree +-- is-fullwidth-code-point@1.0.0
131 silly idealTree +-- is-my-json-valid@2.15.0
131 silly idealTree +-- is-promise@2.1.0
131 silly idealTree +-- is-property@1.0.2
131 silly idealTree +-- is-typedarray@1.0.0
131 silly idealTree +-- isarray@1.0.0
131 silly idealTree +-- isexe@1.1.2
131 silly idealTree +-- isstream@0.1.2
131 silly idealTree +-- jade@1.11.0
131 silly idealTree +-- jodid25519@1.0.2
131 silly idealTree +-- jsbn@0.1.0
131 silly idealTree +-- json-schema@0.2.3
131 silly idealTree +-- json-stringify-safe@5.0.1
131 silly idealTree +-- jsonpointer@4.0.0
131 silly idealTree +-- jsprim@1.3.1
131 silly idealTree +-- jstransformer@0.0.2
131 silly idealTree +-- kind-of@3.0.4
131 silly idealTree +-- lazy-cache@1.0.4
131 silly idealTree +-- lodash@4.12.0
131 silly idealTree +-- longest@1.0.1
131 silly idealTree +-- lru-cache@2.7.3
131 silly idealTree +-- media-typer@0.3.0
131 silly idealTree +-- merge-descriptors@1.0.1
131 silly idealTree +-- methods@1.1.2
131 silly idealTree +-- mime-db@1.24.0
131 silly idealTree +-- mime-types@2.1.12
131 silly idealTree +-- mime@1.3.4
131 silly idealTree +-- minimatch@1.0.0
131 silly idealTree +-- minimist@0.0.8
131 silly idealTree +-- mkdirp@0.5.1
131 silly idealTree +-- moment-timezone@0.5.9
131 silly idealTree +-- moment@2.15.2
131 silly idealTree +-- morgan@1.7.0
131 silly idealTree +-- ms@0.7.1
131 silly idealTree +-- multiparty@4.1.2
131 silly idealTree +-- nan@2.3.5
131 silly idealTree +-- natives@1.1.0
131 silly idealTree +-- negotiator@0.6.1
131 silly idealTree +-- node-gyp@3.4.0
131 silly idealTree | +-- glob@7.1.1
131 silly idealTree | +-- graceful-fs@4.1.10
131 silly idealTree | `-- minimatch@3.0.3
131 silly idealTree +-- node-uuid@1.4.7
131 silly idealTree +-- nopt@3.0.6
131 silly idealTree +-- npmlog@3.1.2
131 silly idealTree +-- number-is-nan@1.0.1
131 silly idealTree +-- oauth-sign@0.8.2
131 silly idealTree +-- object-assign@4.1.0
131 silly idealTree +-- on-finished@2.3.0
131 silly idealTree +-- on-headers@1.0.1
131 silly idealTree +-- once@1.4.0
131 silly idealTree +-- optimist@0.3.7
131 silly idealTree +-- os-homedir@1.0.2
131 silly idealTree +-- os-tmpdir@1.0.2
131 silly idealTree +-- osenv@0.1.3
131 silly idealTree +-- packet-reader@0.2.0
131 silly idealTree +-- parseurl@1.3.1
131 silly idealTree +-- passport-local-sequelize@0.6.0
131 silly idealTree | +-- bluebird@2.9.34
131 silly idealTree | +-- dottie@0.3.1
131 silly idealTree | +-- generic-pool@2.2.0
131 silly idealTree | +-- lodash@3.8.0
131 silly idealTree | +-- moment-timezone@0.3.1
131 silly idealTree | +-- sequelize@3.1.1
131 silly idealTree | +-- shimmer@1.0.0
131 silly idealTree | +-- toposort-class@0.3.1
131 silly idealTree | `-- validator@3.43.0
131 silly idealTree +-- passport-local@1.0.0
131 silly idealTree +-- passport-strategy@1.0.0
131 silly idealTree +-- passport@0.3.2
131 silly idealTree +-- path-array@1.0.1
131 silly idealTree +-- path-is-absolute@1.0.1
131 silly idealTree +-- path-to-regexp@0.1.7
131 silly idealTree +-- pause@0.0.1
131 silly idealTree +-- pend@1.2.0
131 silly idealTree +-- pg-connection-string@0.1.3
131 silly idealTree +-- pg-pool@1.5.0
131 silly idealTree +-- pg-types@1.11.0
131 silly idealTree +-- pg@6.1.0
131 silly idealTree | `-- semver@4.3.2
131 silly idealTree +-- pgpass@1.0.1
131 silly idealTree +-- pinkie-promise@2.0.1
131 silly idealTree +-- pinkie@2.0.4
131 silly idealTree +-- postgres-array@1.0.0
131 silly idealTree +-- postgres-bytea@1.0.0
131 silly idealTree +-- postgres-date@1.0.3
131 silly idealTree +-- postgres-interval@1.0.2
131 silly idealTree +-- process-nextick-args@1.0.7
131 silly idealTree +-- promise@6.1.0
131 silly idealTree +-- proxy-addr@1.1.2
131 silly idealTree +-- pseudomap@1.0.2
131 silly idealTree +-- punycode@1.4.1
131 silly idealTree +-- qs@6.2.0
131 silly idealTree +-- random-bytes@1.0.0
131 silly idealTree +-- range-parser@1.2.0
131 silly idealTree +-- raw-body@2.1.7
131 silly idealTree +-- readable-stream@2.1.5
131 silly idealTree +-- rebuild@0.1.2
131 silly idealTree +-- repeat-string@1.6.1
131 silly idealTree +-- request@2.78.0
131 silly idealTree | `-- qs@6.3.0
131 silly idealTree +-- retry-as-promised@2.2.0
131 silly idealTree +-- right-align@0.1.3
131 silly idealTree +-- rimraf@2.5.4
131 silly idealTree | +-- glob@7.1.1
131 silly idealTree | `-- minimatch@3.0.3
131 silly idealTree +-- semver@5.3.0
131 silly idealTree +-- send@0.14.1
131 silly idealTree +-- sequelize@3.24.8
131 silly idealTree +-- serve-favicon@2.3.0
131 silly idealTree +-- serve-static@1.11.1
131 silly idealTree +-- session@0.1.0
131 silly idealTree +-- set-blocking@2.0.0
131 silly idealTree +-- setprototypeof@1.0.1
131 silly idealTree +-- shimmer@1.1.0
131 silly idealTree +-- sigmund@1.0.1
131 silly idealTree +-- signal-exit@3.0.1
131 silly idealTree +-- sntp@1.0.9
131 silly idealTree +-- source-map@0.4.4
131 silly idealTree +-- split@1.0.0
131 silly idealTree +-- sshpk@1.10.1
131 silly idealTree | `-- assert-plus@1.0.0
131 silly idealTree +-- statuses@1.3.0
131 silly idealTree +-- string_decoder@0.10.31
131 silly idealTree +-- string-width@1.0.2
131 silly idealTree +-- stringstream@0.0.5
131 silly idealTree +-- strip-ansi@3.0.1
131 silly idealTree +-- supports-color@2.0.0
131 silly idealTree +-- tar@2.2.1
131 silly idealTree +-- terraformer-wkt-parser@1.1.2
131 silly idealTree +-- terraformer@1.0.7
131 silly idealTree +-- through@2.3.8
131 silly idealTree +-- toposort-class@1.0.1
131 silly idealTree +-- tough-cookie@2.3.2
131 silly idealTree +-- transformers@2.1.0
131 silly idealTree | +-- is-promise@1.0.1
131 silly idealTree | +-- promise@2.0.0
131 silly idealTree | +-- source-map@0.1.43
131 silly idealTree | `-- uglify-js@2.2.5
131 silly idealTree +-- tunnel-agent@0.4.3
131 silly idealTree +-- tweetnacl@0.14.3
131 silly idealTree +-- type-is@1.6.13
131 silly idealTree +-- uglify-js@2.7.4
131 silly idealTree | `-- source-map@0.5.6
131 silly idealTree +-- uglify-to-browserify@1.0.2
131 silly idealTree +-- uid-safe@2.1.3
131 silly idealTree +-- unpipe@1.0.0
131 silly idealTree +-- util-deprecate@1.0.2
131 silly idealTree +-- utils-merge@1.0.0
131 silly idealTree +-- validator@5.7.0
131 silly idealTree +-- vary@1.1.0
131 silly idealTree +-- verror@1.3.6
131 silly idealTree +-- void-elements@2.0.1
131 silly idealTree +-- vows@0.8.1
131 silly idealTree +-- which@1.2.11
131 silly idealTree +-- wide-align@1.1.0
131 silly idealTree +-- window-size@0.1.0
131 silly idealTree +-- with@4.0.3
131 silly idealTree | `-- acorn@1.2.2
131 silly idealTree +-- wkx@0.2.0
131 silly idealTree +-- wordwrap@0.0.3
131 silly idealTree +-- wrappy@1.0.2
131 silly idealTree +-- xtend@4.0.1
131 silly idealTree +-- yallist@2.0.0
131 silly idealTree `-- yargs@3.10.0
132 silly generateActionsToTake Starting
133 silly install generateActionsToTake
134 silly generateActionsToTake Finishing
135 silly diffTrees action count 4
136 silly diffTrees add bindings@1.2.1
137 silly diffTrees add nan@2.3.5
138 silly diffTrees add bcrypt@0.8.7
139 silly diffTrees update passport-local-sequelize@0.6.0
140 silly decomposeActions action count 32
141 silly decomposeActions fetch bindings@1.2.1
142 silly decomposeActions extract bindings@1.2.1
143 silly decomposeActions test bindings@1.2.1
144 silly decomposeActions preinstall bindings@1.2.1
145 silly decomposeActions build bindings@1.2.1
146 silly decomposeActions install bindings@1.2.1
147 silly decomposeActions postinstall bindings@1.2.1
148 silly decomposeActions finalize bindings@1.2.1
149 silly decomposeActions fetch nan@2.3.5
150 silly decomposeActions extract nan@2.3.5
151 silly decomposeActions test nan@2.3.5
152 silly decomposeActions preinstall nan@2.3.5
153 silly decomposeActions build nan@2.3.5
154 silly decomposeActions install nan@2.3.5
155 silly decomposeActions postinstall nan@2.3.5
156 silly decomposeActions finalize nan@2.3.5
157 silly decomposeActions fetch bcrypt@0.8.7
158 silly decomposeActions extract bcrypt@0.8.7
159 silly decomposeActions test bcrypt@0.8.7
160 silly decomposeActions preinstall bcrypt@0.8.7
161 silly decomposeActions build bcrypt@0.8.7
162 silly decomposeActions install bcrypt@0.8.7
163 silly decomposeActions postinstall bcrypt@0.8.7
164 silly decomposeActions finalize bcrypt@0.8.7
165 silly decomposeActions fetch passport-local-sequelize@0.6.0
166 silly decomposeActions extract passport-local-sequelize@0.6.0
167 silly decomposeActions test passport-local-sequelize@0.6.0
168 silly decomposeActions preinstall passport-local-sequelize@0.6.0
169 silly decomposeActions build passport-local-sequelize@0.6.0
170 silly decomposeActions install passport-local-sequelize@0.6.0
171 silly decomposeActions postinstall passport-local-sequelize@0.6.0
172 silly decomposeActions finalize passport-local-sequelize@0.6.0
173 silly executeActions Starting
174 silly install executeActions
175 silly doSerial global-install 0
176 silly doParallel fetch 4
177 verbose correctMkdir C:\Users\Администратор\AppData\Roaming\npm-cache\_locks correctMkdir not in flight; initializing
178 verbose lock using C:\Users\Администратор\AppData\Roaming\npm-cache\_locks\staging-4714ca5528fb3d20.lock for C:\projects\git projects\Authorization\node_modules\.staging
179 silly doParallel extract 4
180 silly extract bindings@1.2.1
181 silly extract nan@2.3.5
182 silly extract bcrypt@0.8.7
183 silly extract passport-local-sequelize@0.6.0
184 verbose unbuild node_modules\.staging\bindings-9fe1c31e
185 verbose unbuild node_modules\.staging\nan-15ca227d
186 verbose unbuild node_modules\.staging\bcrypt-e46352d1
187 verbose unbuild node_modules\.staging\passport-local-sequelize-e875384c
188 silly gentlyRm C:\projects\git projects\Authorization\node_modules\.staging\bindings-9fe1c31e is being purged from base C:\projects\git projects\Authorization
189 verbose gentlyRm don't care about contents; nuking C:\projects\git projects\Authorization\node_modules\.staging\bindings-9fe1c31e
190 silly gentlyRm C:\projects\git projects\Authorization\node_modules\.staging\nan-15ca227d is being purged from base C:\projects\git projects\Authorization
191 verbose gentlyRm don't care about contents; nuking C:\projects\git projects\Authorization\node_modules\.staging\nan-15ca227d
192 silly gentlyRm C:\projects\git projects\Authorization\node_modules\.staging\bcrypt-e46352d1 is being purged from base C:\projects\git projects\Authorization
193 verbose gentlyRm don't care about contents; nuking C:\projects\git projects\Authorization\node_modules\.staging\bcrypt-e46352d1
194 verbose tar unpack C:\Users\Администратор\AppData\Roaming\npm-cache\bindings\1.2.1\package.tgz
195 verbose tar unpacking to C:\projects\git projects\Authorization\node_modules\.staging\bindings-9fe1c31e
196 silly gentlyRm C:\projects\git projects\Authorization\node_modules\.staging\bindings-9fe1c31e is being purged
197 verbose gentlyRm don't care about contents; nuking C:\projects\git projects\Authorization\node_modules\.staging\bindings-9fe1c31e
198 verbose tar unpack C:\Users\Администратор\AppData\Roaming\npm-cache\nan\2.3.5\package.tgz
199 verbose tar unpacking to C:\projects\git projects\Authorization\node_modules\.staging\nan-15ca227d
200 silly gentlyRm C:\projects\git projects\Authorization\node_modules\.staging\nan-15ca227d is being purged
201 verbose gentlyRm don't care about contents; nuking C:\projects\git projects\Authorization\node_modules\.staging\nan-15ca227d
202 verbose tar unpack C:\Users\Администратор\AppData\Roaming\npm-cache\bcrypt\0.8.7\package.tgz
203 verbose tar unpacking to C:\projects\git projects\Authorization\node_modules\.staging\bcrypt-e46352d1
204 silly gentlyRm C:\projects\git projects\Authorization\node_modules\.staging\bcrypt-e46352d1 is being purged
205 verbose gentlyRm don't care about contents; nuking C:\projects\git projects\Authorization\node_modules\.staging\bcrypt-e46352d1
206 silly gunzTarPerm modes [ '777', '666' ]
207 silly gunzTarPerm modes [ '777', '666' ]
208 silly gentlyRm C:\projects\git projects\Authorization\node_modules\.staging\passport-local-sequelize-e875384c is being purged from base C:\projects\git projects\Authorization
209 verbose gentlyRm don't care about contents; nuking C:\projects\git projects\Authorization\node_modules\.staging\passport-local-sequelize-e875384c
210 silly gunzTarPerm modes [ '777', '666' ]
211 verbose tar unpack C:\Users\Администратор\AppData\Roaming\npm-cache\passport-local-sequelize\0.6.0\package.tgz
212 verbose tar unpacking to C:\projects\git projects\Authorization\node_modules\.staging\passport-local-sequelize-e875384c
213 silly gentlyRm C:\projects\git projects\Authorization\node_modules\.staging\passport-local-sequelize-e875384c is being purged
214 verbose gentlyRm don't care about contents; nuking C:\projects\git projects\Authorization\node_modules\.staging\passport-local-sequelize-e875384c
215 silly gunzTarPerm modes [ '777', '666' ]
216 silly gunzTarPerm extractEntry package.json
217 silly gunzTarPerm modified mode [ 'package.json', 420, 438 ]
218 silly gunzTarPerm extractEntry package.json
219 silly gunzTarPerm modified mode [ 'package.json', 436, 438 ]
220 silly gunzTarPerm extractEntry package.json
221 silly gunzTarPerm modified mode [ 'package.json', 420, 438 ]
222 silly gunzTarPerm extractEntry package.json
223 silly gunzTarPerm extractEntry README.md
224 silly gunzTarPerm modified mode [ 'README.md', 420, 438 ]
225 silly gunzTarPerm extractEntry bindings.js
226 silly gunzTarPerm modified mode [ 'bindings.js', 420, 438 ]
227 silly gunzTarPerm extractEntry README.md
228 silly gunzTarPerm modified mode [ 'README.md', 436, 438 ]
229 silly gunzTarPerm extractEntry .npmignore
230 silly gunzTarPerm modified mode [ '.npmignore', 420, 438 ]
231 silly gunzTarPerm extractEntry README.md
232 silly gunzTarPerm modified mode [ 'README.md', 420, 438 ]
233 silly gunzTarPerm extractEntry include_dirs.js
234 silly gunzTarPerm modified mode [ 'include_dirs.js', 436, 438 ]
235 silly gunzTarPerm extractEntry .npmignore
236 silly gunzTarPerm extractEntry README.md
237 silly gunzTarPerm extractEntry nan_converters.h
238 silly gunzTarPerm modified mode [ 'nan_converters.h', 436, 438 ]
239 silly gunzTarPerm extractEntry LICENSE.md
240 silly gunzTarPerm modified mode [ 'LICENSE.md', 436, 438 ]
241 silly gunzTarPerm extractEntry doc/node_misc.md
242 silly gunzTarPerm modified mode [ 'doc/node_misc.md', 436, 438 ]
243 silly gunzTarPerm extractEntry LICENSE
244 silly gunzTarPerm modified mode [ 'LICENSE', 420, 438 ]
245 silly gunzTarPerm extractEntry bcrypt.js
246 silly gunzTarPerm modified mode [ 'bcrypt.js', 420, 438 ]
247 silly gunzTarPerm extractEntry Makefile
248 silly gunzTarPerm modified mode [ 'Makefile', 420, 438 ]
249 silly gunzTarPerm extractEntry .travis.yml
250 silly gunzTarPerm modified mode [ '.travis.yml', 420, 438 ]
251 silly gunzTarPerm extractEntry CHANGELOG.md
252 silly gunzTarPerm modified mode [ 'CHANGELOG.md', 420, 438 ]
253 silly gunzTarPerm extractEntry binding.gyp
254 silly gunzTarPerm modified mode [ 'binding.gyp', 420, 438 ]
255 silly gunzTarPerm extractEntry examples/async_compare.js
256 silly gunzTarPerm modified mode [ 'examples/async_compare.js', 420, 438 ]
257 silly gunzTarPerm extractEntry examples/forever_gen_salt.js
258 silly gunzTarPerm modified mode [ 'examples/forever_gen_salt.js', 420, 438 ]
259 silly gunzTarPerm extractEntry test/async.js
260 silly gunzTarPerm modified mode [ 'test/async.js', 420, 438 ]
261 silly gunzTarPerm extractEntry test/repetitions.js
262 silly gunzTarPerm modified mode [ 'test/repetitions.js', 420, 438 ]
263 silly gunzTarPerm extractEntry test/sync.js
264 silly gunzTarPerm modified mode [ 'test/sync.js', 420, 438 ]
265 silly gunzTarPerm extractEntry ISSUE_TEMPLATE.md
266 silly gunzTarPerm modified mode [ 'ISSUE_TEMPLATE.md', 420, 438 ]
267 silly gunzTarPerm extractEntry src/bcrypt.cc
268 silly gunzTarPerm modified mode [ 'src/bcrypt.cc', 420, 438 ]
269 silly gunzTarPerm extractEntry src/bcrypt_node.cc
270 silly gunzTarPerm modified mode [ 'src/bcrypt_node.cc', 420, 438 ]
271 silly gunzTarPerm extractEntry src/blowfish.cc
272 silly gunzTarPerm modified mode [ 'src/blowfish.cc', 420, 438 ]
273 silly gunzTarPerm extractEntry src/node_blf.h
274 silly gunzTarPerm modified mode [ 'src/node_blf.h', 420, 438 ]
275 silly gunzTarPerm extractEntry werker.yml
276 silly gunzTarPerm modified mode [ 'werker.yml', 420, 438 ]
277 silly gunzTarPerm extractEntry doc/asyncworker.md
278 silly gunzTarPerm modified mode [ 'doc/asyncworker.md', 436, 438 ]
279 silly gunzTarPerm extractEntry .jshintrc
280 silly gunzTarPerm extractEntry lib/passport-local-sequelize.js
281 silly gunzTarPerm extractEntry doc/callback.md
282 silly gunzTarPerm modified mode [ 'doc/callback.md', 436, 438 ]
283 silly gunzTarPerm extractEntry doc/converters.md
284 silly gunzTarPerm modified mode [ 'doc/converters.md', 436, 438 ]
285 silly gunzTarPerm extractEntry doc/errors.md
286 silly gunzTarPerm modified mode [ 'doc/errors.md', 436, 438 ]
287 silly gunzTarPerm extractEntry doc/maybe_types.md
288 silly gunzTarPerm modified mode [ 'doc/maybe_types.md', 436, 438 ]
289 silly gunzTarPerm extractEntry doc/methods.md
290 silly gunzTarPerm modified mode [ 'doc/methods.md', 436, 438 ]
291 silly gunzTarPerm extractEntry doc/new.md
292 silly gunzTarPerm modified mode [ 'doc/new.md', 436, 438 ]
293 silly gentlyRm C:\projects\git projects\Authorization\node_modules\.staging\bindings-9fe1c31e\node_modules is being purged
294 verbose gentlyRm don't care about contents; nuking C:\projects\git projects\Authorization\node_modules\.staging\bindings-9fe1c31e\node_modules
295 silly gunzTarPerm extractEntry doc/buffers.md
296 silly gunzTarPerm modified mode [ 'doc/buffers.md', 436, 438 ]
297 silly gunzTarPerm extractEntry doc/object_wrappers.md
298 silly gunzTarPerm modified mode [ 'doc/object_wrappers.md', 436, 438 ]
299 silly gunzTarPerm extractEntry doc/persistent.md
300 silly gunzTarPerm modified mode [ 'doc/persistent.md', 436, 438 ]
301 silly gunzTarPerm extractEntry doc/scopes.md
302 silly gunzTarPerm modified mode [ 'doc/scopes.md', 436, 438 ]
303 silly gunzTarPerm extractEntry doc/script.md
304 silly gunzTarPerm modified mode [ 'doc/script.md', 436, 438 ]
305 silly gunzTarPerm extractEntry doc/string_bytes.md
306 silly gunzTarPerm modified mode [ 'doc/string_bytes.md', 436, 438 ]
307 silly gunzTarPerm extractEntry doc/v8_internals.md
308 silly gunzTarPerm modified mode [ 'doc/v8_internals.md', 436, 438 ]
309 silly gunzTarPerm extractEntry doc/v8_misc.md
310 silly gunzTarPerm modified mode [ 'doc/v8_misc.md', 436, 438 ]
311 silly gunzTarPerm extractEntry nan.h
312 silly gunzTarPerm modified mode [ 'nan.h', 436, 438 ]
313 silly gunzTarPerm extractEntry nan_callbacks.h
314 silly gunzTarPerm modified mode [ 'nan_callbacks.h', 436, 438 ]
315 silly gunzTarPerm extractEntry nan_callbacks_12_inl.h
316 silly gunzTarPerm modified mode [ 'nan_callbacks_12_inl.h', 436, 438 ]
317 silly gunzTarPerm extractEntry nan_callbacks_pre_12_inl.h
318 silly gunzTarPerm modified mode [ 'nan_callbacks_pre_12_inl.h', 436, 438 ]
319 silly gunzTarPerm extractEntry nan_converters_43_inl.h
320 silly gunzTarPerm modified mode [ 'nan_converters_43_inl.h', 436, 438 ]
321 silly gunzTarPerm extractEntry nan_converters_pre_43_inl.h
322 silly gunzTarPerm modified mode [ 'nan_converters_pre_43_inl.h', 436, 438 ]
323 silly gunzTarPerm extractEntry nan_implementation_12_inl.h
324 silly gunzTarPerm modified mode [ 'nan_implementation_12_inl.h', 436, 438 ]
325 silly gunzTarPerm extractEntry nan_implementation_pre_12_inl.h
326 silly gunzTarPerm modified mode [ 'nan_implementation_pre_12_inl.h', 436, 438 ]
327 silly gunzTarPerm extractEntry nan_maybe_43_inl.h
328 silly gunzTarPerm modified mode [ 'nan_maybe_43_inl.h', 436, 438 ]
329 silly gunzTarPerm extractEntry nan_maybe_pre_43_inl.h
330 silly gunzTarPerm modified mode [ 'nan_maybe_pre_43_inl.h', 436, 438 ]
331 silly gunzTarPerm extractEntry nan_new.h
332 silly gunzTarPerm modified mode [ 'nan_new.h', 436, 438 ]
333 silly gunzTarPerm extractEntry nan_object_wrap.h
334 silly gunzTarPerm modified mode [ 'nan_object_wrap.h', 436, 438 ]
335 silly gunzTarPerm extractEntry nan_persistent_12_inl.h
336 silly gunzTarPerm modified mode [ 'nan_persistent_12_inl.h', 436, 438 ]
337 silly gunzTarPerm extractEntry nan_persistent_pre_12_inl.h
338 silly gunzTarPerm modified mode [ 'nan_persistent_pre_12_inl.h', 436, 438 ]
339 silly gunzTarPerm extractEntry nan_string_bytes.h
340 silly gunzTarPerm modified mode [ 'nan_string_bytes.h', 436, 438 ]
341 silly gunzTarPerm extractEntry nan_typedarray_contents.h
342 silly gunzTarPerm modified mode [ 'nan_typedarray_contents.h', 436, 438 ]
343 silly gunzTarPerm extractEntry nan_weak.h
344 silly gunzTarPerm modified mode [ 'nan_weak.h', 436, 438 ]
345 silly gunzTarPerm extractEntry CHANGELOG.md
346 silly gunzTarPerm modified mode [ 'CHANGELOG.md', 436, 438 ]
347 silly gunzTarPerm extractEntry tools/package.json
348 silly gunzTarPerm modified mode [ 'tools/package.json', 436, 438 ]
349 silly gunzTarPerm extractEntry tools/README.md
350 silly gunzTarPerm modified mode [ 'tools/README.md', 436, 438 ]
351 silly gunzTarPerm extractEntry tools/1to2.js
352 silly gunzTarPerm modified mode [ 'tools/1to2.js', 509, 511 ]
353 silly gentlyRm C:\projects\git projects\Authorization\node_modules\.staging\passport-local-sequelize-e875384c\node_modules is being purged
354 verbose gentlyRm don't care about contents; nuking C:\projects\git projects\Authorization\node_modules\.staging\passport-local-sequelize-e875384c\node_modules
355 silly gentlyRm C:\projects\git projects\Authorization\node_modules\.staging\bcrypt-e46352d1\node_modules is being purged
356 verbose gentlyRm don't care about contents; nuking C:\projects\git projects\Authorization\node_modules\.staging\bcrypt-e46352d1\node_modules
357 silly gentlyRm C:\projects\git projects\Authorization\node_modules\.staging\nan-15ca227d\node_modules is being purged
358 verbose gentlyRm don't care about contents; nuking C:\projects\git projects\Authorization\node_modules\.staging\nan-15ca227d\node_modules
359 silly doParallel preinstall 4
360 silly preinstall bindings@1.2.1 C:\projects\git projects\Authorization\node_modules\.staging\bindings-9fe1c31e
361 info lifecycle bindings@1.2.1~preinstall: bindings@1.2.1
362 silly preinstall nan@2.3.5 C:\projects\git projects\Authorization\node_modules\.staging\nan-15ca227d
363 info lifecycle nan@2.3.5~preinstall: nan@2.3.5
364 silly preinstall bcrypt@0.8.7 C:\projects\git projects\Authorization\node_modules\.staging\bcrypt-e46352d1
365 info lifecycle bcrypt@0.8.7~preinstall: bcrypt@0.8.7
366 silly preinstall passport-local-sequelize@0.6.0 C:\projects\git projects\Authorization\node_modules\.staging\passport-local-sequelize-e875384c
367 info lifecycle passport-local-sequelize@0.6.0~preinstall: passport-local-sequelize@0.6.0
368 silly lifecycle bindings@1.2.1~preinstall: no script for preinstall, continuing
369 silly lifecycle nan@2.3.5~preinstall: no script for preinstall, continuing
370 silly lifecycle bcrypt@0.8.7~preinstall: no script for preinstall, continuing
371 silly lifecycle passport-local-sequelize@0.6.0~preinstall: no script for preinstall, continuing
372 silly doReverseSerial remove 0
373 silly doSerial move 0
374 silly doSerial finalize 4
375 silly finalize C:\projects\git projects\Authorization\node_modules\bindings
376 silly finalize C:\projects\git projects\Authorization\node_modules\nan
377 silly finalize C:\projects\git projects\Authorization\node_modules\bcrypt
378 silly finalize C:\projects\git projects\Authorization\node_modules\passport-local-sequelize
379 silly doSerial build 4
380 silly build bindings@1.2.1
381 info linkStuff bindings@1.2.1
382 silly linkStuff bindings@1.2.1 has C:\projects\git projects\Authorization\node_modules as its parent node_modules
383 verbose linkBins bindings@1.2.1
384 verbose linkMans bindings@1.2.1
385 silly build nan@2.3.5
386 info linkStuff nan@2.3.5
387 silly linkStuff nan@2.3.5 has C:\projects\git projects\Authorization\node_modules as its parent node_modules
388 verbose linkBins nan@2.3.5
389 verbose linkMans nan@2.3.5
390 silly build bcrypt@0.8.7
391 info linkStuff bcrypt@0.8.7
392 silly linkStuff bcrypt@0.8.7 has C:\projects\git projects\Authorization\node_modules as its parent node_modules
393 verbose linkBins bcrypt@0.8.7
394 verbose linkMans bcrypt@0.8.7
395 silly build passport-local-sequelize@0.6.0
396 info linkStuff passport-local-sequelize@0.6.0
397 silly linkStuff passport-local-sequelize@0.6.0 has C:\projects\git projects\Authorization\node_modules as its parent node_modules
398 verbose linkBins passport-local-sequelize@0.6.0
399 verbose linkMans passport-local-sequelize@0.6.0
400 silly doSerial global-link 0
401 silly doParallel update-linked 0
402 silly doSerial install 4
403 silly install bindings@1.2.1 C:\projects\git projects\Authorization\node_modules\.staging\bindings-9fe1c31e
404 info lifecycle bindings@1.2.1~install: bindings@1.2.1
405 silly lifecycle bindings@1.2.1~install: no script for install, continuing
406 silly install nan@2.3.5 C:\projects\git projects\Authorization\node_modules\.staging\nan-15ca227d
407 info lifecycle nan@2.3.5~install: nan@2.3.5
408 silly lifecycle nan@2.3.5~install: no script for install, continuing
409 silly install bcrypt@0.8.7 C:\projects\git projects\Authorization\node_modules\.staging\bcrypt-e46352d1
410 info lifecycle bcrypt@0.8.7~install: bcrypt@0.8.7
411 verbose lifecycle bcrypt@0.8.7~install: unsafe-perm in lifecycle true
412 verbose lifecycle bcrypt@0.8.7~install: PATH: C:\Program Files\nodejs\node_modules\npm\bin\node-gyp-bin;C:\projects\git projects\Authorization\node_modules\bcrypt\node_modules\.bin;C:\projects\git projects\Authorization\node_modules\.bin;C:\Program Files\nodejs;C:\Windows\System32;C:\ProgramData\Oracle\Java\javapath;C:\Program Files\Java\jdk1.8.0_45\bin;C:\javaInstruments\apache-maven-3.3.3\bin;C:\Program Files\Git\cmd;C:\Program Files\Java\jdk1.8.0_45\bin;C:\Program Files\MySQL\MySQL Server 5.7\bin;C:\Program Files\nodejs\;C:\Users\Администратор\AppData\Roaming\npm;C:\Users\Администратор\AppData\Roaming\npm; C:\Program Files\MySQL\MySQL Server 5.7\bin
413 verbose lifecycle bcrypt@0.8.7~install: CWD: C:\projects\git projects\Authorization\node_modules\bcrypt
414 silly lifecycle bcrypt@0.8.7~install: Args: [ '/d /s /c', 'node-gyp rebuild' ]
415 silly lifecycle bcrypt@0.8.7~install: Returned: code: 1  signal: null
416 info lifecycle bcrypt@0.8.7~install: Failed to exec install script
417 verbose unlock done using C:\Users\Администратор\AppData\Roaming\npm-cache\_locks\staging-4714ca5528fb3d20.lock for C:\projects\git projects\Authorization\node_modules\.staging
418 silly rollbackFailedOptional Starting
419 silly rollbackFailedOptional Finishing
420 silly runTopLevelLifecycles Starting
421 silly runTopLevelLifecycles Finishing
422 silly install printInstalled
423 verbose stack Error: bcrypt@0.8.7 install: `node-gyp rebuild`
423 verbose stack Exit status 1
423 verbose stack     at EventEmitter.<anonymous> (C:\Program Files\nodejs\node_modules\npm\lib\utils\lifecycle.js:245:16)
423 verbose stack     at emitTwo (events.js:106:13)
423 verbose stack     at EventEmitter.emit (events.js:191:7)
423 verbose stack     at ChildProcess.<anonymous> (C:\Program Files\nodejs\node_modules\npm\lib\utils\spawn.js:24:14)
423 verbose stack     at emitTwo (events.js:106:13)
423 verbose stack     at ChildProcess.emit (events.js:191:7)
423 verbose stack     at maybeClose (internal/child_process.js:850:16)
423 verbose stack     at Process.ChildProcess._handle.onexit (internal/child_process.js:215:5)
424 verbose pkgid bcrypt@0.8.7
425 verbose cwd C:\projects\git projects\Authorization
426 error Windows_NT 6.1.7601
427 error argv "C:\\Program Files\\nodejs\\node.exe" "C:\\Program Files\\nodejs\\node_modules\\npm\\bin\\npm-cli.js" "install" "--save" "bcrypt"
428 error node v6.2.0
429 error npm  v3.8.9
430 error code ELIFECYCLE
431 error bcrypt@0.8.7 install: `node-gyp rebuild`
431 error Exit status 1
432 error Failed at the bcrypt@0.8.7 install script 'node-gyp rebuild'.
432 error Make sure you have the latest version of node.js and npm installed.
432 error If you do, this is most likely a problem with the bcrypt package,
432 error not with npm itself.
432 error Tell the author that this fails on your system:
432 error     node-gyp rebuild
432 error You can get information on how to open an issue for this project with:
432 error     npm bugs bcrypt
432 error Or if that isn't available, you can get their info via:
432 error     npm owner ls bcrypt
432 error There is likely additional logging output above.
433 verbose exit [ 1, true ]
